<?xml version="1.0" encoding="UTF-8"?>
<testsuite time="5.469" failures="0" tests="1" name="tests" >
  <testcase time="3.789" classname="tests" name="setup.ta" />
  <testcase time="1.645" classname="tests" name="first-test.ta" >
    <error message="Test Automation Engine error (non SUT) : method &apos;convert&apos; from engine component of class &apos;org.squashtest.ta.plugin.commons.converter.FileToJavaCodeBundle&apos; with argument &apos;org.squashtest.ta.framework.components.FileResource&apos;  has thrown an exception." type="org.squashtest.ta.backbone.exception.EngineRuntimeException" >
Summary
SETUP :
[SUCCESS] LOAD sample-resource.txt AS resource
// here we test the macro defined in shortcuts/sample_shortcut.macro. Note that none of the instructions here are case sensitive :
TEST :
[ERROR] # EXECUTE_SELENIUM2 selenium WITH MAIN CLASS squashTA.resources.selenium.java.Selenium
	[SUCCESS] 	LOAD selenium AS __temp_0.file
	[ERROR] 	CONVERT __temp_0.file TO script.java(compile) AS __temp_1.compiled
org.squashtest.ta.backbone.exception.EngineRuntimeException: Test Automation Engine error (non SUT) : method &apos;convert&apos; from engine component of class &apos;org.squashtest.ta.plugin.commons.converter.FileToJavaCodeBundle&apos; with argument &apos;org.squashtest.ta.framework.components.FileResource&apos;  has thrown an exception.
	at org.squashtest.ta.backbone.tools.ReflectionUtils.invoke(ReflectionUtils.java:277)
	at org.squashtest.ta.backbone.engine.wrapper.ResourceConverterHandler.convert(ResourceConverterHandler.java:106)
	at org.squashtest.ta.backbone.engine.instructionrunner.DefaultConvertResourceRunner.applyConverter(DefaultConvertResourceRunner.java:130)
	at org.squashtest.ta.backbone.engine.instructionrunner.DefaultConvertResourceRunner.convertResource(DefaultConvertResourceRunner.java:94)
	at org.squashtest.ta.backbone.engine.instructionrunner.DefaultConvertResourceRunner.doRun(DefaultConvertResourceRunner.java:54)
	at org.squashtest.ta.backbone.engine.instructionrunner.AbstractDefaultInstructionRunner.run(AbstractDefaultInstructionRunner.java:69)
	at org.squashtest.ta.backbone.engine.impl.TestRunnerImpl.runInstruction(TestRunnerImpl.java:203)
	at org.squashtest.ta.backbone.engine.impl.TestRunnerImpl.runInstructionList(TestRunnerImpl.java:148)
	at org.squashtest.ta.backbone.engine.impl.TestRunnerImpl.runMetaInstruction(TestRunnerImpl.java:172)
	at org.squashtest.ta.backbone.engine.impl.TestRunnerImpl.runInstructionList(TestRunnerImpl.java:146)
	at org.squashtest.ta.backbone.engine.impl.TestRunnerImpl.runPhase(TestRunnerImpl.java:136)
	at org.squashtest.ta.backbone.engine.impl.TestRunnerImpl.runTest(TestRunnerImpl.java:107)
	at org.squashtest.ta.backbone.engine.impl.EcosystemRunnerImpl.runAllTests(EcosystemRunnerImpl.java:202)
	at org.squashtest.ta.backbone.engine.impl.EcosystemRunnerImpl.run(EcosystemRunnerImpl.java:104)
	at org.squashtest.ta.backbone.engine.impl.SuiteRunnerImpl.execute(SuiteRunnerImpl.java:68)
	at org.squashtest.ta.backbone.engine.impl.EngineImpl.execute(EngineImpl.java:63)
	at org.squashtest.ta.maven.SquashTAMojo.executeImpl(SquashTAMojo.java:367)
	at org.squashtest.ta.maven.AbstractSquashTaMojo.execution(AbstractSquashTaMojo.java:85)
	at org.squashtest.ta.maven.AbstractBaseSquashTaMojo.execute(AbstractBaseSquashTaMojo.java:147)
	at org.apache.maven.plugin.DefaultBuildPluginManager.executeMojo(DefaultBuildPluginManager.java:134)
	at org.apache.maven.lifecycle.internal.MojoExecutor.execute(MojoExecutor.java:208)
	at org.apache.maven.lifecycle.internal.MojoExecutor.execute(MojoExecutor.java:153)
	at org.apache.maven.lifecycle.internal.MojoExecutor.execute(MojoExecutor.java:145)
	at org.apache.maven.lifecycle.internal.LifecycleModuleBuilder.buildProject(LifecycleModuleBuilder.java:116)
	at org.apache.maven.lifecycle.internal.LifecycleModuleBuilder.buildProject(LifecycleModuleBuilder.java:80)
	at org.apache.maven.lifecycle.internal.builder.singlethreaded.SingleThreadedBuilder.build(SingleThreadedBuilder.java:51)
	at org.apache.maven.lifecycle.internal.LifecycleStarter.execute(LifecycleStarter.java:128)
	at org.apache.maven.DefaultMaven.doExecute(DefaultMaven.java:307)
	at org.apache.maven.DefaultMaven.doExecute(DefaultMaven.java:193)
	at org.apache.maven.DefaultMaven.execute(DefaultMaven.java:106)
	at org.apache.maven.cli.MavenCli.execute(MavenCli.java:862)
	at org.apache.maven.cli.MavenCli.doMain(MavenCli.java:286)
	at org.apache.maven.cli.MavenCli.main(MavenCli.java:197)
	at sun.reflect.NativeMethodAccessorImpl.invoke0(Native Method)
	at sun.reflect.NativeMethodAccessorImpl.invoke(NativeMethodAccessorImpl.java:62)
	at sun.reflect.DelegatingMethodAccessorImpl.invoke(DelegatingMethodAccessorImpl.java:43)
	at java.lang.reflect.Method.invoke(Method.java:498)
	at org.codehaus.plexus.classworlds.launcher.Launcher.launchEnhanced(Launcher.java:289)
	at org.codehaus.plexus.classworlds.launcher.Launcher.launch(Launcher.java:229)
	at org.codehaus.plexus.classworlds.launcher.Launcher.mainWithExitCode(Launcher.java:415)
	at org.codehaus.plexus.classworlds.launcher.Launcher.main(Launcher.java:356)
Caused by: org.squashtest.ta.framework.exception.BadDataException: Java code compilation failed:

	at org.squashtest.ta.plugin.commons.converter.FileToJavaCodeBundle.convert(FileToJavaCodeBundle.java:111)
	at sun.reflect.NativeMethodAccessorImpl.invoke0(Native Method)
	at sun.reflect.NativeMethodAccessorImpl.invoke(NativeMethodAccessorImpl.java:62)
	at sun.reflect.DelegatingMethodAccessorImpl.invoke(DelegatingMethodAccessorImpl.java:43)
	at java.lang.reflect.Method.invoke(Method.java:498)
	at org.squashtest.ta.backbone.tools.ReflectionUtils.invoke(ReflectionUtils.java:252)
	... 40 more

	[NOT_RUN] 	CONVERT __temp_1.compiled TO script.java.selenium2(script) USING $(squashTA.resources.selenium.java.Selenium) AS __temp_2.selenium
		[NOT_RUN] 		$(squashTA.resources.selenium.java.Selenium) --> {{__tempI0}}
		[NOT_RUN] 		CONVERT __temp_1.compiled TO script.java.selenium2(script) USING {{__tempI0}} AS __temp_2.selenium
	[NOT_RUN] 	EXECUTE execute WITH __temp_2.selenium AS __temp_3.result
	[NOT_RUN] 	ASSERT __temp_3.result IS success
    </error>
  </testcase>
  <testcase time="0.025" classname="tests" name="teardown.ta" />
</testsuite>